[2026-06-04T22:35:54.780Z] ADDED: Catawiki | Senior Product Manager - Shipping | Portugal | https://relocate.me/portugal/lisbon/catawiki/senior-product-manager-shipping-10229
[2026-06-04T22:35:54.780Z] ADDED: Catawiki | Senior Backend Software Engineer | Portugal | https://relocate.me/portugal/lisbon/catawiki/senior-backend-software-engineer-9677
[2026-06-04T22:35:54.780Z] ADDED: Catawiki | Security Engineer | Netherlands | https://relocate.me/netherlands/amsterdam/catawiki/security-engineer-10249
[2026-06-04T22:35:54.780Z] ADDED: Catawiki | QA Automation Engineer | Portugal | https://relocate.me/portugal/lisbon/catawiki/qa-automation-engineer-10215
[2026-06-04T22:35:54.780Z] ADDED: Catawiki | Senior Software Engineer – Developer Experience (Platform) | Portugal | https://relocate.me/portugal/lisbon/catawiki/senior-software-engineer-developer-experience-platform-10254
[2026-06-04T22:35:54.780Z] ADDED: PayPay Card | Senior Frontend Engineer | Japan | https://relocate.me/japan/tokyo/paypay-card/senior-frontend-engineer-10263
[2026-06-04T22:35:54.780Z] ADDED: HENNGE | Senior Frontend Engineer | Japan | https://relocate.me/japan/tokyo/hennge/senior-frontend-engineer-10264
[2026-06-04T22:35:54.780Z] ADDED: PayPay | Principal Software Engineer | Japan | https://relocate.me/japan/tokyo/paypay/principal-software-engineer-9445
[2026-06-05T10:49:00.413Z] ADDED: ainavio GmbH | Senior Product Owner / Product Manager - AI / SaaS (m/f/d) | Cologne | https://www.arbeitnow.com/jobs/companies/ainavio-gmbh/senior-product-owner-product-manager-ai-saas-cologne-154881
[2026-06-05T10:49:00.413Z] ADDED: Optiver | Head | Amsterdam,  
               Noordholland,  
               Netherlands | https://visasponsor.jobs/api/jobs/a00ac7a947f648b4870ec28a31b8e800/Head
[2026-06-05T10:49:00.456Z] ADDED: Revolut | Senior Backend Engineer - Distributed Systems | London, 🇬🇧 | https://jobs.revolut.com/departments/engineering/senior-backend-engineer-distributed-systems
[2026-06-05T10:49:00.456Z] ADDED: Spotify | Staff Machine Learning Engineer - Recommendation Systems | Stockholm, 🇸🇪 | https://spotify.wd1.myworkdayjobs.com/External/job/Stockholm/Staff-Machine-Learning-Engineer--Recommendation-Systems_JOBID
[2026-06-05T10:49:00.456Z] ADDED: N26 | Frontend Engineer - Web Platform | Berlin, 🇩🇪 | https://n26.com/en-eu/careers/jobs/frontend-engineer-web-platform
[2026-06-05T10:49:00.456Z] ADDED: Adyen | Senior DevOps Engineer - Cloud Infrastructure | Amsterdam, 🇳🇱 | https://www.adyen.com/careers/job/senior-devops-engineer-cloud-infrastructure
[2026-06-05T10:49:00.456Z] ADDED: Booking.com | Staff iOS Engineer - Core Experience | Amsterdam, 🇳🇱 | https://careers.booking.com/jobs/staff-ios-engineer-core-experience-12345
[2026-06-05T10:49:00.456Z] ADDED: Wise | Data Analyst - Product Analytics | Tallinn, 🇪🇪 | https://wise.com/careers/job-openings/data-analyst-product-analytics
[2026-06-05T10:49:00.456Z] ADDED: Zalando | Senior QA Automation Engineer - E-commerce Platform | Berlin, 🇩🇪 | https://jobs.zalando.com/tech/jobs/senior-qa-automation-engineer-e-commerce-platform-123
[2026-06-05T10:49:00.456Z] ADDED: Monzo | Android Engineer - New Features | London, 🇬🇧 | https://monzo.com/careers/jobs/android-engineer-new-features
